{"C:\\Users\\clebe\\OneDrive\\Ambiente de Trabalho\\Projetos\\backend-dictionary\\index.js": {"path":"C:\\Users\\clebe\\OneDrive\\Ambiente de Trabalho\\Projetos\\backend-dictionary\\index.js","statementMap":{"0":{"start":{"line":1,"column":16},"end":{"line":1,"column":34}},"1":{"start":{"line":2,"column":18},"end":{"line":2,"column":40}},"2":{"start":{"line":3,"column":19},"end":{"line":3,"column":49}},"3":{"start":{"line":4,"column":19},"end":{"line":4,"column":49}},"4":{"start":{"line":5,"column":19},"end":{"line":5,"column":49}},"5":{"start":{"line":6,"column":19},"end":{"line":6,"column":41}},"6":{"start":{"line":7,"column":18},"end":{"line":7,"column":47}},"7":{"start":{"line":8,"column":13},"end":{"line":8,"column":30}},"8":{"start":{"line":9,"column":13},"end":{"line":9,"column":28}},"9":{"start":{"line":11,"column":12},"end":{"line":11,"column":21}},"10":{"start":{"line":12,"column":13},"end":{"line":12,"column":17}},"11":{"start":{"line":15,"column":0},"end":{"line":15,"column":12}},"12":{"start":{"line":18,"column":0},"end":{"line":18,"column":27}},"13":{"start":{"line":21,"column":24},"end":{"line":21,"column":71}},"14":{"start":{"line":24,"column":0},"end":{"line":24,"column":72}},"15":{"start":{"line":27,"column":0},"end":{"line":27,"column":33}},"16":{"start":{"line":28,"column":0},"end":{"line":28,"column":33}},"17":{"start":{"line":29,"column":0},"end":{"line":29,"column":36}},"18":{"start":{"line":32,"column":0},"end":{"line":36,"column":3}},"19":{"start":{"line":33,"column":2},"end":{"line":35,"column":5}},"20":{"start":{"line":39,"column":0},"end":{"line":43,"column":1}},"21":{"start":{"line":40,"column":2},"end":{"line":42,"column":5}},"22":{"start":{"line":41,"column":4},"end":{"line":41,"column":53}},"23":{"start":{"line":46,"column":0},"end":{"line":46,"column":21}}},"fnMap":{"0":{"name":"(anonymous_0)","decl":{"start":{"line":32,"column":17},"end":{"line":32,"column":18}},"loc":{"start":{"line":32,"column":31},"end":{"line":36,"column":1}},"line":32},"1":{"name":"(anonymous_1)","decl":{"start":{"line":40,"column":19},"end":{"line":40,"column":20}},"loc":{"start":{"line":40,"column":25},"end":{"line":42,"column":3}},"line":40}},"branchMap":{"0":{"loc":{"start":{"line":39,"column":0},"end":{"line":43,"column":1}},"type":"if","locations":[{"start":{"line":39,"column":0},"end":{"line":43,"column":1}},{"start":{},"end":{}}],"line":39}},"s":{"0":3,"1":3,"2":3,"3":3,"4":3,"5":3,"6":3,"7":3,"8":3,"9":3,"10":3,"11":3,"12":3,"13":3,"14":3,"15":3,"16":3,"17":3,"18":3,"19":0,"20":3,"21":0,"22":0,"23":3},"f":{"0":0,"1":0},"b":{"0":[0,3]},"_coverageSchema":"1a1c01bbd47fc00a2c39e90264f33305004495a9","hash":"a0087a7c612619042b60b5436ef2f4f9ab8ab84b"}
,"C:\\Users\\clebe\\OneDrive\\Ambiente de Trabalho\\Projetos\\backend-dictionary\\config\\db.js": {"path":"C:\\Users\\clebe\\OneDrive\\Ambiente de Trabalho\\Projetos\\backend-dictionary\\config\\db.js","statementMap":{"0":{"start":{"line":1,"column":17},"end":{"line":1,"column":36}},"1":{"start":{"line":3,"column":18},"end":{"line":12,"column":1}},"2":{"start":{"line":4,"column":2},"end":{"line":11,"column":3}},"3":{"start":{"line":6,"column":4},"end":{"line":6,"column":71}},"4":{"start":{"line":7,"column":4},"end":{"line":7,"column":40}},"5":{"start":{"line":9,"column":4},"end":{"line":9,"column":56}},"6":{"start":{"line":10,"column":4},"end":{"line":10,"column":20}},"7":{"start":{"line":14,"column":0},"end":{"line":14,"column":27}}},"fnMap":{"0":{"name":"(anonymous_0)","decl":{"start":{"line":3,"column":18},"end":{"line":3,"column":19}},"loc":{"start":{"line":3,"column":30},"end":{"line":12,"column":1}},"line":3}},"branchMap":{},"s":{"0":3,"1":3,"2":3,"3":3,"4":3,"5":0,"6":0,"7":3},"f":{"0":3},"b":{},"_coverageSchema":"1a1c01bbd47fc00a2c39e90264f33305004495a9","hash":"9731381606f72b36df2aadf338806f5731eb0d45"}
,"C:\\Users\\clebe\\OneDrive\\Ambiente de Trabalho\\Projetos\\backend-dictionary\\controllers\\authController.js": {"path":"C:\\Users\\clebe\\OneDrive\\Ambiente de Trabalho\\Projetos\\backend-dictionary\\controllers\\authController.js","statementMap":{"0":{"start":{"line":1,"column":15},"end":{"line":1,"column":34}},"1":{"start":{"line":2,"column":12},"end":{"line":2,"column":35}},"2":{"start":{"line":3,"column":13},"end":{"line":3,"column":38}},"3":{"start":{"line":5,"column":15},"end":{"line":23,"column":1}},"4":{"start":{"line":6,"column":33},"end":{"line":6,"column":41}},"5":{"start":{"line":7,"column":15},"end":{"line":7,"column":39}},"6":{"start":{"line":8,"column":25},"end":{"line":8,"column":58}},"7":{"start":{"line":10,"column":15},"end":{"line":15,"column":4}},"8":{"start":{"line":17,"column":2},"end":{"line":22,"column":3}},"9":{"start":{"line":18,"column":4},"end":{"line":18,"column":22}},"10":{"start":{"line":19,"column":4},"end":{"line":19,"column":59}},"11":{"start":{"line":21,"column":4},"end":{"line":21,"column":54}},"12":{"start":{"line":25,"column":14},"end":{"line":36,"column":1}},"13":{"start":{"line":26,"column":33},"end":{"line":26,"column":41}},"14":{"start":{"line":28,"column":15},"end":{"line":28,"column":47}},"15":{"start":{"line":29,"column":2},"end":{"line":29,"column":67}},"16":{"start":{"line":29,"column":13},"end":{"line":29,"column":67}},"17":{"start":{"line":31,"column":24},"end":{"line":31,"column":69}},"18":{"start":{"line":32,"column":2},"end":{"line":32,"column":68}},"19":{"start":{"line":32,"column":22},"end":{"line":32,"column":68}},"20":{"start":{"line":34,"column":16},"end":{"line":34,"column":80}},"21":{"start":{"line":35,"column":2},"end":{"line":35,"column":22}},"22":{"start":{"line":38,"column":0},"end":{"line":38,"column":35}}},"fnMap":{"0":{"name":"(anonymous_0)","decl":{"start":{"line":5,"column":15},"end":{"line":5,"column":16}},"loc":{"start":{"line":5,"column":35},"end":{"line":23,"column":1}},"line":5},"1":{"name":"(anonymous_1)","decl":{"start":{"line":25,"column":14},"end":{"line":25,"column":15}},"loc":{"start":{"line":25,"column":34},"end":{"line":36,"column":1}},"line":25}},"branchMap":{"0":{"loc":{"start":{"line":29,"column":2},"end":{"line":29,"column":67}},"type":"if","locations":[{"start":{"line":29,"column":2},"end":{"line":29,"column":67}},{"start":{},"end":{}}],"line":29},"1":{"loc":{"start":{"line":32,"column":2},"end":{"line":32,"column":68}},"type":"if","locations":[{"start":{"line":32,"column":2},"end":{"line":32,"column":68}},{"start":{},"end":{}}],"line":32}},"s":{"0":3,"1":3,"2":3,"3":3,"4":0,"5":0,"6":0,"7":0,"8":0,"9":0,"10":0,"11":0,"12":3,"13":4,"14":4,"15":4,"16":0,"17":4,"18":4,"19":4,"20":0,"21":0,"22":3},"f":{"0":0,"1":4},"b":{"0":[0,4],"1":[4,0]},"_coverageSchema":"1a1c01bbd47fc00a2c39e90264f33305004495a9","hash":"3a7f9ed19081569baceb51facf1628c4288f081c"}
,"C:\\Users\\clebe\\OneDrive\\Ambiente de Trabalho\\Projetos\\backend-dictionary\\controllers\\userController.js": {"path":"C:\\Users\\clebe\\OneDrive\\Ambiente de Trabalho\\Projetos\\backend-dictionary\\controllers\\userController.js","statementMap":{"0":{"start":{"line":1,"column":15},"end":{"line":1,"column":34}},"1":{"start":{"line":2,"column":13},"end":{"line":2,"column":38}},"2":{"start":{"line":5,"column":20},"end":{"line":12,"column":1}},"3":{"start":{"line":6,"column":2},"end":{"line":11,"column":3}},"4":{"start":{"line":7,"column":17},"end":{"line":7,"column":49}},"5":{"start":{"line":8,"column":4},"end":{"line":8,"column":19}},"6":{"start":{"line":10,"column":4},"end":{"line":10,"column":79}},"7":{"start":{"line":15,"column":19},"end":{"line":33,"column":1}},"8":{"start":{"line":16,"column":2},"end":{"line":32,"column":3}},"9":{"start":{"line":17,"column":35},"end":{"line":17,"column":43}},"10":{"start":{"line":18,"column":17},"end":{"line":18,"column":49}},"11":{"start":{"line":20,"column":4},"end":{"line":20,"column":43}},"12":{"start":{"line":20,"column":18},"end":{"line":20,"column":43}},"13":{"start":{"line":21,"column":4},"end":{"line":24,"column":5}},"14":{"start":{"line":22,"column":19},"end":{"line":22,"column":43}},"15":{"start":{"line":23,"column":6},"end":{"line":23,"column":56}},"16":{"start":{"line":26,"column":4},"end":{"line":26,"column":22}},"17":{"start":{"line":27,"column":4},"end":{"line":27,"column":47}},"18":{"start":{"line":29,"column":4},"end":{"line":31,"column":69}},"19":{"start":{"line":36,"column":25},"end":{"line":51,"column":1}},"20":{"start":{"line":37,"column":2},"end":{"line":50,"column":3}},"21":{"start":{"line":38,"column":17},"end":{"line":38,"column":49}},"22":{"start":{"line":39,"column":21},"end":{"line":39,"column":29}},"23":{"start":{"line":41,"column":4},"end":{"line":47,"column":5}},"24":{"start":{"line":42,"column":6},"end":{"line":42,"column":30}},"25":{"start":{"line":43,"column":6},"end":{"line":43,"column":24}},"26":{"start":{"line":44,"column":6},"end":{"line":44,"column":75}},"27":{"start":{"line":46,"column":6},"end":{"line":46,"column":74}},"28":{"start":{"line":49,"column":4},"end":{"line":49,"column":80}},"29":{"start":{"line":54,"column":19},"end":{"line":61,"column":1}},"30":{"start":{"line":55,"column":2},"end":{"line":60,"column":3}},"31":{"start":{"line":56,"column":17},"end":{"line":56,"column":49}},"32":{"start":{"line":57,"column":4},"end":{"line":57,"column":27}},"33":{"start":{"line":59,"column":4},"end":{"line":59,"column":78}},"34":{"start":{"line":64,"column":27},"end":{"line":81,"column":1}},"35":{"start":{"line":65,"column":2},"end":{"line":80,"column":3}},"36":{"start":{"line":66,"column":17},"end":{"line":66,"column":49}},"37":{"start":{"line":67,"column":21},"end":{"line":67,"column":29}},"38":{"start":{"line":69,"column":4},"end":{"line":75,"column":5}},"39":{"start":{"line":70,"column":6},"end":{"line":70,"column":32}},"40":{"start":{"line":71,"column":6},"end":{"line":71,"column":24}},"41":{"start":{"line":72,"column":6},"end":{"line":72,"column":76}},"42":{"start":{"line":74,"column":6},"end":{"line":74,"column":73}},"43":{"start":{"line":77,"column":4},"end":{"line":79,"column":68}},"44":{"start":{"line":84,"column":21},"end":{"line":91,"column":1}},"45":{"start":{"line":85,"column":2},"end":{"line":90,"column":3}},"46":{"start":{"line":86,"column":17},"end":{"line":86,"column":49}},"47":{"start":{"line":87,"column":4},"end":{"line":87,"column":29}},"48":{"start":{"line":89,"column":4},"end":{"line":89,"column":75}},"49":{"start":{"line":94,"column":32},"end":{"line":110,"column":1}},"50":{"start":{"line":95,"column":2},"end":{"line":109,"column":3}},"51":{"start":{"line":96,"column":17},"end":{"line":96,"column":49}},"52":{"start":{"line":97,"column":21},"end":{"line":97,"column":31}},"53":{"start":{"line":99,"column":22},"end":{"line":99,"column":50}},"54":{"start":{"line":100,"column":4},"end":{"line":106,"column":5}},"55":{"start":{"line":101,"column":6},"end":{"line":101,"column":42}},"56":{"start":{"line":102,"column":6},"end":{"line":102,"column":24}},"57":{"start":{"line":103,"column":6},"end":{"line":103,"column":74}},"58":{"start":{"line":105,"column":6},"end":{"line":105,"column":80}},"59":{"start":{"line":108,"column":4},"end":{"line":108,"column":79}},"60":{"start":{"line":112,"column":0},"end":{"line":120,"column":2}}},"fnMap":{"0":{"name":"(anonymous_0)","decl":{"start":{"line":5,"column":20},"end":{"line":5,"column":21}},"loc":{"start":{"line":5,"column":40},"end":{"line":12,"column":1}},"line":5},"1":{"name":"(anonymous_1)","decl":{"start":{"line":15,"column":19},"end":{"line":15,"column":20}},"loc":{"start":{"line":15,"column":39},"end":{"line":33,"column":1}},"line":15},"2":{"name":"(anonymous_2)","decl":{"start":{"line":36,"column":25},"end":{"line":36,"column":26}},"loc":{"start":{"line":36,"column":45},"end":{"line":51,"column":1}},"line":36},"3":{"name":"(anonymous_3)","decl":{"start":{"line":54,"column":19},"end":{"line":54,"column":20}},"loc":{"start":{"line":54,"column":39},"end":{"line":61,"column":1}},"line":54},"4":{"name":"(anonymous_4)","decl":{"start":{"line":64,"column":27},"end":{"line":64,"column":28}},"loc":{"start":{"line":64,"column":47},"end":{"line":81,"column":1}},"line":64},"5":{"name":"(anonymous_5)","decl":{"start":{"line":84,"column":21},"end":{"line":84,"column":22}},"loc":{"start":{"line":84,"column":41},"end":{"line":91,"column":1}},"line":84},"6":{"name":"(anonymous_6)","decl":{"start":{"line":94,"column":32},"end":{"line":94,"column":33}},"loc":{"start":{"line":94,"column":52},"end":{"line":110,"column":1}},"line":94}},"branchMap":{"0":{"loc":{"start":{"line":20,"column":4},"end":{"line":20,"column":43}},"type":"if","locations":[{"start":{"line":20,"column":4},"end":{"line":20,"column":43}},{"start":{},"end":{}}],"line":20},"1":{"loc":{"start":{"line":21,"column":4},"end":{"line":24,"column":5}},"type":"if","locations":[{"start":{"line":21,"column":4},"end":{"line":24,"column":5}},{"start":{},"end":{}}],"line":21},"2":{"loc":{"start":{"line":41,"column":4},"end":{"line":47,"column":5}},"type":"if","locations":[{"start":{"line":41,"column":4},"end":{"line":47,"column":5}},{"start":{"line":45,"column":11},"end":{"line":47,"column":5}}],"line":41},"3":{"loc":{"start":{"line":69,"column":4},"end":{"line":75,"column":5}},"type":"if","locations":[{"start":{"line":69,"column":4},"end":{"line":75,"column":5}},{"start":{"line":73,"column":11},"end":{"line":75,"column":5}}],"line":69},"4":{"loc":{"start":{"line":100,"column":4},"end":{"line":106,"column":5}},"type":"if","locations":[{"start":{"line":100,"column":4},"end":{"line":106,"column":5}},{"start":{"line":104,"column":11},"end":{"line":106,"column":5}}],"line":100}},"s":{"0":3,"1":3,"2":3,"3":0,"4":0,"5":0,"6":0,"7":3,"8":0,"9":0,"10":0,"11":0,"12":0,"13":0,"14":0,"15":0,"16":0,"17":0,"18":0,"19":3,"20":0,"21":0,"22":0,"23":0,"24":0,"25":0,"26":0,"27":0,"28":0,"29":3,"30":0,"31":0,"32":0,"33":0,"34":3,"35":0,"36":0,"37":0,"38":0,"39":0,"40":0,"41":0,"42":0,"43":0,"44":3,"45":0,"46":0,"47":0,"48":0,"49":3,"50":0,"51":0,"52":0,"53":0,"54":0,"55":0,"56":0,"57":0,"58":0,"59":0,"60":3},"f":{"0":0,"1":0,"2":0,"3":0,"4":0,"5":0,"6":0},"b":{"0":[0,0],"1":[0,0],"2":[0,0],"3":[0,0],"4":[0,0]},"_coverageSchema":"1a1c01bbd47fc00a2c39e90264f33305004495a9","hash":"10694056ba13bd722ba27bc9a561d6cdac73169e"}
,"C:\\Users\\clebe\\OneDrive\\Ambiente de Trabalho\\Projetos\\backend-dictionary\\controllers\\wordController.js": {"path":"C:\\Users\\clebe\\OneDrive\\Ambiente de Trabalho\\Projetos\\backend-dictionary\\controllers\\wordController.js","statementMap":{"0":{"start":{"line":1,"column":13},"end":{"line":1,"column":38}},"1":{"start":{"line":2,"column":13},"end":{"line":2,"column":38}},"2":{"start":{"line":5,"column":20},"end":{"line":39,"column":1}},"3":{"start":{"line":6,"column":43},"end":{"line":6,"column":52}},"4":{"start":{"line":8,"column":2},"end":{"line":38,"column":3}},"5":{"start":{"line":10,"column":18},"end":{"line":10,"column":41}},"6":{"start":{"line":13,"column":22},"end":{"line":13,"column":76}},"7":{"start":{"line":16,"column":18},"end":{"line":18,"column":51}},"8":{"start":{"line":21,"column":23},"end":{"line":21,"column":51}},"9":{"start":{"line":24,"column":20},"end":{"line":24,"column":37}},"10":{"start":{"line":25,"column":20},"end":{"line":25,"column":28}},"11":{"start":{"line":28,"column":4},"end":{"line":35,"column":7}},"12":{"start":{"line":29,"column":33},"end":{"line":29,"column":42}},"13":{"start":{"line":37,"column":4},"end":{"line":37,"column":52}},"14":{"start":{"line":42,"column":25},"end":{"line":51,"column":1}},"15":{"start":{"line":43,"column":19},"end":{"line":43,"column":27}},"16":{"start":{"line":45,"column":15},"end":{"line":45,"column":47}},"17":{"start":{"line":46,"column":2},"end":{"line":46,"column":67}},"18":{"start":{"line":46,"column":13},"end":{"line":46,"column":67}},"19":{"start":{"line":48,"column":2},"end":{"line":48,"column":26}},"20":{"start":{"line":49,"column":2},"end":{"line":49,"column":20}},"21":{"start":{"line":50,"column":2},"end":{"line":50,"column":58}},"22":{"start":{"line":54,"column":27},"end":{"line":67,"column":1}},"23":{"start":{"line":55,"column":19},"end":{"line":55,"column":27}},"24":{"start":{"line":57,"column":15},"end":{"line":57,"column":47}},"25":{"start":{"line":58,"column":2},"end":{"line":58,"column":67}},"26":{"start":{"line":58,"column":13},"end":{"line":58,"column":67}},"27":{"start":{"line":60,"column":2},"end":{"line":66,"column":3}},"28":{"start":{"line":61,"column":4},"end":{"line":61,"column":30}},"29":{"start":{"line":62,"column":4},"end":{"line":62,"column":22}},"30":{"start":{"line":63,"column":4},"end":{"line":63,"column":61}},"31":{"start":{"line":65,"column":4},"end":{"line":65,"column":58}},"32":{"start":{"line":70,"column":32},"end":{"line":79,"column":1}},"33":{"start":{"line":71,"column":19},"end":{"line":71,"column":29}},"34":{"start":{"line":73,"column":15},"end":{"line":73,"column":47}},"35":{"start":{"line":74,"column":2},"end":{"line":74,"column":67}},"36":{"start":{"line":74,"column":13},"end":{"line":74,"column":67}},"37":{"start":{"line":76,"column":2},"end":{"line":76,"column":64}},"38":{"start":{"line":76,"column":50},"end":{"line":76,"column":62}},"39":{"start":{"line":77,"column":2},"end":{"line":77,"column":20}},"40":{"start":{"line":78,"column":2},"end":{"line":78,"column":57}},"41":{"start":{"line":82,"column":16},"end":{"line":92,"column":1}},"42":{"start":{"line":83,"column":19},"end":{"line":83,"column":29}},"43":{"start":{"line":84,"column":2},"end":{"line":91,"column":3}},"44":{"start":{"line":85,"column":21},"end":{"line":85,"column":49}},"45":{"start":{"line":86,"column":4},"end":{"line":86,"column":73}},"46":{"start":{"line":86,"column":19},"end":{"line":86,"column":73}},"47":{"start":{"line":88,"column":4},"end":{"line":88,"column":23}},"48":{"start":{"line":90,"column":4},"end":{"line":90,"column":51}},"49":{"start":{"line":94,"column":0},"end":{"line":100,"column":2}}},"fnMap":{"0":{"name":"(anonymous_0)","decl":{"start":{"line":5,"column":20},"end":{"line":5,"column":21}},"loc":{"start":{"line":5,"column":40},"end":{"line":39,"column":1}},"line":5},"1":{"name":"(anonymous_1)","decl":{"start":{"line":29,"column":25},"end":{"line":29,"column":26}},"loc":{"start":{"line":29,"column":33},"end":{"line":29,"column":42}},"line":29},"2":{"name":"(anonymous_2)","decl":{"start":{"line":42,"column":25},"end":{"line":42,"column":26}},"loc":{"start":{"line":42,"column":45},"end":{"line":51,"column":1}},"line":42},"3":{"name":"(anonymous_3)","decl":{"start":{"line":54,"column":27},"end":{"line":54,"column":28}},"loc":{"start":{"line":54,"column":47},"end":{"line":67,"column":1}},"line":54},"4":{"name":"(anonymous_4)","decl":{"start":{"line":70,"column":32},"end":{"line":70,"column":33}},"loc":{"start":{"line":70,"column":52},"end":{"line":79,"column":1}},"line":70},"5":{"name":"(anonymous_5)","decl":{"start":{"line":76,"column":41},"end":{"line":76,"column":42}},"loc":{"start":{"line":76,"column":50},"end":{"line":76,"column":62}},"line":76},"6":{"name":"(anonymous_6)","decl":{"start":{"line":82,"column":16},"end":{"line":82,"column":17}},"loc":{"start":{"line":82,"column":36},"end":{"line":92,"column":1}},"line":82}},"branchMap":{"0":{"loc":{"start":{"line":6,"column":18},"end":{"line":6,"column":28}},"type":"default-arg","locations":[{"start":{"line":6,"column":26},"end":{"line":6,"column":28}}],"line":6},"1":{"loc":{"start":{"line":6,"column":30},"end":{"line":6,"column":38}},"type":"default-arg","locations":[{"start":{"line":6,"column":37},"end":{"line":6,"column":38}}],"line":6},"2":{"loc":{"start":{"line":46,"column":2},"end":{"line":46,"column":67}},"type":"if","locations":[{"start":{"line":46,"column":2},"end":{"line":46,"column":67}},{"start":{},"end":{}}],"line":46},"3":{"loc":{"start":{"line":58,"column":2},"end":{"line":58,"column":67}},"type":"if","locations":[{"start":{"line":58,"column":2},"end":{"line":58,"column":67}},{"start":{},"end":{}}],"line":58},"4":{"loc":{"start":{"line":60,"column":2},"end":{"line":66,"column":3}},"type":"if","locations":[{"start":{"line":60,"column":2},"end":{"line":66,"column":3}},{"start":{"line":64,"column":9},"end":{"line":66,"column":3}}],"line":60},"5":{"loc":{"start":{"line":74,"column":2},"end":{"line":74,"column":67}},"type":"if","locations":[{"start":{"line":74,"column":2},"end":{"line":74,"column":67}},{"start":{},"end":{}}],"line":74},"6":{"loc":{"start":{"line":86,"column":4},"end":{"line":86,"column":73}},"type":"if","locations":[{"start":{"line":86,"column":4},"end":{"line":86,"column":73}},{"start":{},"end":{}}],"line":86}},"s":{"0":3,"1":3,"2":3,"3":0,"4":0,"5":0,"6":0,"7":0,"8":0,"9":0,"10":0,"11":0,"12":0,"13":0,"14":3,"15":0,"16":0,"17":0,"18":0,"19":0,"20":0,"21":0,"22":3,"23":0,"24":0,"25":0,"26":0,"27":0,"28":0,"29":0,"30":0,"31":0,"32":3,"33":0,"34":0,"35":0,"36":0,"37":0,"38":0,"39":0,"40":0,"41":3,"42":0,"43":0,"44":0,"45":0,"46":0,"47":0,"48":0,"49":3},"f":{"0":0,"1":0,"2":0,"3":0,"4":0,"5":0,"6":0},"b":{"0":[0],"1":[0],"2":[0,0],"3":[0,0],"4":[0,0],"5":[0,0],"6":[0,0]},"_coverageSchema":"1a1c01bbd47fc00a2c39e90264f33305004495a9","hash":"1fca54b4f15a3e4e9f52f4f238e9ee560837520f"}
,"C:\\Users\\clebe\\OneDrive\\Ambiente de Trabalho\\Projetos\\backend-dictionary\\middleware\\auth.js": {"path":"C:\\Users\\clebe\\OneDrive\\Ambiente de Trabalho\\Projetos\\backend-dictionary\\middleware\\auth.js","statementMap":{"0":{"start":{"line":1,"column":12},"end":{"line":1,"column":35}},"1":{"start":{"line":2,"column":13},"end":{"line":2,"column":38}},"2":{"start":{"line":5,"column":26},"end":{"line":16,"column":1}},"3":{"start":{"line":6,"column":16},"end":{"line":6,"column":58}},"4":{"start":{"line":7,"column":2},"end":{"line":7,"column":59}},"5":{"start":{"line":7,"column":14},"end":{"line":7,"column":59}},"6":{"start":{"line":9,"column":2},"end":{"line":15,"column":3}},"7":{"start":{"line":10,"column":20},"end":{"line":10,"column":50}},"8":{"start":{"line":11,"column":4},"end":{"line":11,"column":23}},"9":{"start":{"line":12,"column":4},"end":{"line":12,"column":11}},"10":{"start":{"line":14,"column":4},"end":{"line":14,"column":43}},"11":{"start":{"line":18,"column":0},"end":{"line":18,"column":39}}},"fnMap":{"0":{"name":"(anonymous_0)","decl":{"start":{"line":5,"column":26},"end":{"line":5,"column":27}},"loc":{"start":{"line":5,"column":46},"end":{"line":16,"column":1}},"line":5}},"branchMap":{"0":{"loc":{"start":{"line":7,"column":2},"end":{"line":7,"column":59}},"type":"if","locations":[{"start":{"line":7,"column":2},"end":{"line":7,"column":59}},{"start":{},"end":{}}],"line":7}},"s":{"0":3,"1":3,"2":3,"3":0,"4":0,"5":0,"6":0,"7":0,"8":0,"9":0,"10":0,"11":3},"f":{"0":0},"b":{"0":[0,0]},"_coverageSchema":"1a1c01bbd47fc00a2c39e90264f33305004495a9","hash":"4e16222aa0282656f39050ad5e5948af6ba49cde"}
,"C:\\Users\\clebe\\OneDrive\\Ambiente de Trabalho\\Projetos\\backend-dictionary\\models\\User.js": {"path":"C:\\Users\\clebe\\OneDrive\\Ambiente de Trabalho\\Projetos\\backend-dictionary\\models\\User.js","statementMap":{"0":{"start":{"line":1,"column":17},"end":{"line":1,"column":36}},"1":{"start":{"line":3,"column":19},"end":{"line":21,"column":2}},"2":{"start":{"line":23,"column":13},"end":{"line":23,"column":47}},"3":{"start":{"line":24,"column":0},"end":{"line":24,"column":22}}},"fnMap":{},"branchMap":{},"s":{"0":3,"1":3,"2":3,"3":3},"f":{},"b":{},"_coverageSchema":"1a1c01bbd47fc00a2c39e90264f33305004495a9","hash":"d070336390fdc90a4c126f63b776f5adb59983a8"}
,"C:\\Users\\clebe\\OneDrive\\Ambiente de Trabalho\\Projetos\\backend-dictionary\\models\\Word.js": {"path":"C:\\Users\\clebe\\OneDrive\\Ambiente de Trabalho\\Projetos\\backend-dictionary\\models\\Word.js","statementMap":{"0":{"start":{"line":1,"column":17},"end":{"line":1,"column":36}},"1":{"start":{"line":3,"column":19},"end":{"line":13,"column":2}},"2":{"start":{"line":15,"column":13},"end":{"line":15,"column":47}},"3":{"start":{"line":16,"column":0},"end":{"line":16,"column":22}}},"fnMap":{},"branchMap":{},"s":{"0":3,"1":3,"2":3,"3":3},"f":{},"b":{},"_coverageSchema":"1a1c01bbd47fc00a2c39e90264f33305004495a9","hash":"19ef4fd9f59364955feb5875cf69465b71386686"}
,"C:\\Users\\clebe\\OneDrive\\Ambiente de Trabalho\\Projetos\\backend-dictionary\\routes\\authRoutes.js": {"path":"C:\\Users\\clebe\\OneDrive\\Ambiente de Trabalho\\Projetos\\backend-dictionary\\routes\\authRoutes.js","statementMap":{"0":{"start":{"line":1,"column":16},"end":{"line":1,"column":34}},"1":{"start":{"line":2,"column":26},"end":{"line":2,"column":66}},"2":{"start":{"line":4,"column":15},"end":{"line":4,"column":31}},"3":{"start":{"line":6,"column":0},"end":{"line":6,"column":31}},"4":{"start":{"line":7,"column":0},"end":{"line":7,"column":29}},"5":{"start":{"line":9,"column":0},"end":{"line":9,"column":24}}},"fnMap":{},"branchMap":{},"s":{"0":3,"1":3,"2":3,"3":3,"4":3,"5":3},"f":{},"b":{},"_coverageSchema":"1a1c01bbd47fc00a2c39e90264f33305004495a9","hash":"44ff5d93e8e83ea8b82e118f2bafeffc404ce84f"}
,"C:\\Users\\clebe\\OneDrive\\Ambiente de Trabalho\\Projetos\\backend-dictionary\\routes\\userRoutes.js": {"path":"C:\\Users\\clebe\\OneDrive\\Ambiente de Trabalho\\Projetos\\backend-dictionary\\routes\\userRoutes.js","statementMap":{"0":{"start":{"line":1,"column":16},"end":{"line":1,"column":34}},"1":{"start":{"line":10,"column":4},"end":{"line":10,"column":44}},"2":{"start":{"line":11,"column":30},"end":{"line":11,"column":59}},"3":{"start":{"line":13,"column":15},"end":{"line":13,"column":31}},"4":{"start":{"line":16,"column":0},"end":{"line":16,"column":50}},"5":{"start":{"line":19,"column":0},"end":{"line":19,"column":53}},"6":{"start":{"line":22,"column":0},"end":{"line":22,"column":65}},"7":{"start":{"line":25,"column":0},"end":{"line":25,"column":54}},"8":{"start":{"line":28,"column":0},"end":{"line":28,"column":69}},"9":{"start":{"line":31,"column":0},"end":{"line":31,"column":61}},"10":{"start":{"line":34,"column":0},"end":{"line":38,"column":2}},"11":{"start":{"line":40,"column":0},"end":{"line":40,"column":24}}},"fnMap":{},"branchMap":{},"s":{"0":3,"1":3,"2":3,"3":3,"4":3,"5":3,"6":3,"7":3,"8":3,"9":3,"10":3,"11":3},"f":{},"b":{},"_coverageSchema":"1a1c01bbd47fc00a2c39e90264f33305004495a9","hash":"169ca681dc53e8752e9796a63c67dcef0c19e9fc"}
,"C:\\Users\\clebe\\OneDrive\\Ambiente de Trabalho\\Projetos\\backend-dictionary\\routes\\wordRoutes.js": {"path":"C:\\Users\\clebe\\OneDrive\\Ambiente de Trabalho\\Projetos\\backend-dictionary\\routes\\wordRoutes.js","statementMap":{"0":{"start":{"line":1,"column":16},"end":{"line":1,"column":34}},"1":{"start":{"line":8,"column":4},"end":{"line":8,"column":44}},"2":{"start":{"line":9,"column":30},"end":{"line":9,"column":59}},"3":{"start":{"line":11,"column":15},"end":{"line":11,"column":31}},"4":{"start":{"line":14,"column":0},"end":{"line":14,"column":31}},"5":{"start":{"line":17,"column":0},"end":{"line":17,"column":33}},"6":{"start":{"line":20,"column":0},"end":{"line":20,"column":65}},"7":{"start":{"line":23,"column":0},"end":{"line":23,"column":69}},"8":{"start":{"line":26,"column":0},"end":{"line":26,"column":82}},"9":{"start":{"line":28,"column":0},"end":{"line":28,"column":24}}},"fnMap":{},"branchMap":{},"s":{"0":3,"1":3,"2":3,"3":3,"4":3,"5":3,"6":3,"7":3,"8":3,"9":3},"f":{},"b":{},"_coverageSchema":"1a1c01bbd47fc00a2c39e90264f33305004495a9","hash":"3772cff5f331873f4ffe78591372a9b2bc0c0489"}
}
