TN:
SF:index.js
FN:32,(anonymous_0)
FN:40,(anonymous_1)
FNF:2
FNH:0
FNDA:0,(anonymous_0)
FNDA:0,(anonymous_1)
DA:1,3
DA:2,3
DA:3,3
DA:4,3
DA:5,3
DA:6,3
DA:7,3
DA:8,3
DA:9,3
DA:11,3
DA:12,3
DA:15,3
DA:18,3
DA:21,3
DA:24,3
DA:27,3
DA:28,3
DA:29,3
DA:32,3
DA:33,0
DA:39,3
DA:40,0
DA:41,0
DA:46,3
LF:24
LH:21
BRDA:39,0,0,0
BRDA:39,0,1,3
BRF:2
BRH:1
end_of_record
TN:
SF:config\db.js
FN:3,(anonymous_0)
FNF:1
FNH:1
FNDA:3,(anonymous_0)
DA:1,3
DA:3,3
DA:4,3
DA:6,3
DA:7,3
DA:9,0
DA:10,0
DA:14,3
LF:8
LH:6
BRF:0
BRH:0
end_of_record
TN:
SF:controllers\authController.js
FN:5,(anonymous_0)
FN:25,(anonymous_1)
FNF:2
FNH:1
FNDA:0,(anonymous_0)
FNDA:4,(anonymous_1)
DA:1,3
DA:2,3
DA:3,3
DA:5,3
DA:6,0
DA:7,0
DA:8,0
DA:10,0
DA:17,0
DA:18,0
DA:19,0
DA:21,0
DA:25,3
DA:26,4
DA:28,4
DA:29,4
DA:31,4
DA:32,4
DA:34,0
DA:35,0
DA:38,3
LF:21
LH:11
BRDA:29,0,0,0
BRDA:29,0,1,4
BRDA:32,1,0,4
BRDA:32,1,1,0
BRF:4
BRH:2
end_of_record
TN:
SF:controllers\userController.js
FN:5,(anonymous_0)
FN:15,(anonymous_1)
FN:36,(anonymous_2)
FN:54,(anonymous_3)
FN:64,(anonymous_4)
FN:84,(anonymous_5)
FN:94,(anonymous_6)
FNF:7
FNH:0
FNDA:0,(anonymous_0)
FNDA:0,(anonymous_1)
FNDA:0,(anonymous_2)
FNDA:0,(anonymous_3)
FNDA:0,(anonymous_4)
FNDA:0,(anonymous_5)
FNDA:0,(anonymous_6)
DA:1,3
DA:2,3
DA:5,3
DA:6,0
DA:7,0
DA:8,0
DA:10,0
DA:15,3
DA:16,0
DA:17,0
DA:18,0
DA:20,0
DA:21,0
DA:22,0
DA:23,0
DA:26,0
DA:27,0
DA:29,0
DA:36,3
DA:37,0
DA:38,0
DA:39,0
DA:41,0
DA:42,0
DA:43,0
DA:44,0
DA:46,0
DA:49,0
DA:54,3
DA:55,0
DA:56,0
DA:57,0
DA:59,0
DA:64,3
DA:65,0
DA:66,0
DA:67,0
DA:69,0
DA:70,0
DA:71,0
DA:72,0
DA:74,0
DA:77,0
DA:84,3
DA:85,0
DA:86,0
DA:87,0
DA:89,0
DA:94,3
DA:95,0
DA:96,0
DA:97,0
DA:99,0
DA:100,0
DA:101,0
DA:102,0
DA:103,0
DA:105,0
DA:108,0
DA:112,3
LF:60
LH:10
BRDA:20,0,0,0
BRDA:20,0,1,0
BRDA:21,1,0,0
BRDA:21,1,1,0
BRDA:41,2,0,0
BRDA:41,2,1,0
BRDA:69,3,0,0
BRDA:69,3,1,0
BRDA:100,4,0,0
BRDA:100,4,1,0
BRF:10
BRH:0
end_of_record
TN:
SF:controllers\wordController.js
FN:5,(anonymous_0)
FN:29,(anonymous_1)
FN:42,(anonymous_2)
FN:54,(anonymous_3)
FN:70,(anonymous_4)
FN:76,(anonymous_5)
FN:82,(anonymous_6)
FNF:7
FNH:0
FNDA:0,(anonymous_0)
FNDA:0,(anonymous_1)
FNDA:0,(anonymous_2)
FNDA:0,(anonymous_3)
FNDA:0,(anonymous_4)
FNDA:0,(anonymous_5)
FNDA:0,(anonymous_6)
DA:1,3
DA:2,3
DA:5,3
DA:6,0
DA:8,0
DA:10,0
DA:13,0
DA:16,0
DA:21,0
DA:24,0
DA:25,0
DA:28,0
DA:29,0
DA:37,0
DA:42,3
DA:43,0
DA:45,0
DA:46,0
DA:48,0
DA:49,0
DA:50,0
DA:54,3
DA:55,0
DA:57,0
DA:58,0
DA:60,0
DA:61,0
DA:62,0
DA:63,0
DA:65,0
DA:70,3
DA:71,0
DA:73,0
DA:74,0
DA:76,0
DA:77,0
DA:78,0
DA:82,3
DA:83,0
DA:84,0
DA:85,0
DA:86,0
DA:88,0
DA:90,0
DA:94,3
LF:45
LH:8
BRDA:6,0,0,0
BRDA:6,1,0,0
BRDA:46,2,0,0
BRDA:46,2,1,0
BRDA:58,3,0,0
BRDA:58,3,1,0
BRDA:60,4,0,0
BRDA:60,4,1,0
BRDA:74,5,0,0
BRDA:74,5,1,0
BRDA:86,6,0,0
BRDA:86,6,1,0
BRF:12
BRH:0
end_of_record
TN:
SF:middleware\auth.js
FN:5,(anonymous_0)
FNF:1
FNH:0
FNDA:0,(anonymous_0)
DA:1,3
DA:2,3
DA:5,3
DA:6,0
DA:7,0
DA:9,0
DA:10,0
DA:11,0
DA:12,0
DA:14,0
DA:18,3
LF:11
LH:4
BRDA:7,0,0,0
BRDA:7,0,1,0
BRF:2
BRH:0
end_of_record
TN:
SF:models\User.js
FNF:0
FNH:0
DA:1,3
DA:3,3
DA:23,3
DA:24,3
LF:4
LH:4
BRF:0
BRH:0
end_of_record
TN:
SF:models\Word.js
FNF:0
FNH:0
DA:1,3
DA:3,3
DA:15,3
DA:16,3
LF:4
LH:4
BRF:0
BRH:0
end_of_record
TN:
SF:routes\authRoutes.js
FNF:0
FNH:0
DA:1,3
DA:2,3
DA:4,3
DA:6,3
DA:7,3
DA:9,3
LF:6
LH:6
BRF:0
BRH:0
end_of_record
TN:
SF:routes\userRoutes.js
FNF:0
FNH:0
DA:1,3
DA:10,3
DA:11,3
DA:13,3
DA:16,3
DA:19,3
DA:22,3
DA:25,3
DA:28,3
DA:31,3
DA:34,3
DA:40,3
LF:12
LH:12
BRF:0
BRH:0
end_of_record
TN:
SF:routes\wordRoutes.js
FNF:0
FNH:0
DA:1,3
DA:8,3
DA:9,3
DA:11,3
DA:14,3
DA:17,3
DA:20,3
DA:23,3
DA:26,3
DA:28,3
LF:10
LH:10
BRF:0
BRH:0
end_of_record
